<?xml version="1.0" encoding="UTF-8"?>
<testsuite name="com.uca.Tests" tests="3" skipped="0" failures="0" errors="0" timestamp="2023-04-03T10:17:49" hostname="PC-Lucas" time="0.111">
  <properties/>
  <testcase name="compareTo()" classname="com.uca.Tests" time="0.067"/>
  <testcase name="testConverter()" classname="com.uca.Tests" time="0.034"/>
  <testcase name="numberConverter()" classname="com.uca.Tests" time="0.01"/>
  <system-out><![CDATA[]]></system-out>
  <system-err><![CDATA[]]></system-err>
</testsuite>
