<?xml version="1.0" encoding="UTF-8"?>
<testsuite name="com.uca.Tests" tests="2" skipped="0" failures="0" errors="0" timestamp="2023-03-27T10:55:44" hostname="PC-Lucas" time="0.111">
  <properties/>
  <testcase name="testConverter()" classname="com.uca.Tests" time="0.11"/>
  <testcase name="numberConverter()" classname="com.uca.Tests" time="0.0"/>
  <system-out><![CDATA[]]></system-out>
  <system-err><![CDATA[]]></system-err>
</testsuite>
